Target Part: A3P250_VQFP100_-1
Report for cell spi_flash_read.verilog
  Core Cell usage:
              cell count     area count*area
              AND2    53      1.0       53.0
             AND2A     1      1.0        1.0
              AND3    27      1.0       27.0
               AO1    31      1.0       31.0
              AO13     5      1.0        5.0
              AO1B     1      1.0        1.0
              AO1D     1      1.0        1.0
             AOI1B     4      1.0        4.0
              AX1C    15      1.0       15.0
              AX1D     1      1.0        1.0
              BUFF     2      1.0        2.0
               GND     6      0.0        0.0
               INV     5      1.0        5.0
               MX2    31      1.0       31.0
              MX2A     6      1.0        6.0
              MX2B     1      1.0        1.0
              MX2C     2      1.0        2.0
             NAND2     4      1.0        4.0
              NOR2    18      1.0       18.0
             NOR2A    31      1.0       31.0
             NOR2B    53      1.0       53.0
              NOR3     2      1.0        2.0
             NOR3A    16      1.0       16.0
             NOR3B    13      1.0       13.0
             NOR3C    27      1.0       27.0
              OA1A     1      1.0        1.0
              OA1C     1      1.0        1.0
               OR2    12      1.0       12.0
              OR2A     6      1.0        6.0
              OR2B     6      1.0        6.0
              OR3A     3      1.0        3.0
              OR3B     2      1.0        2.0
               PLL     1      0.0        0.0
               VCC     6      0.0        0.0
              XA1B    17      1.0       17.0
             XNOR2    25      1.0       25.0
             XNOR3     7      1.0        7.0
              XOR2   116      1.0      116.0


            DFN1C0   124      1.0      124.0
          DFN1E0C0     3      1.0        3.0
          DFN1E0P0     1      1.0        1.0
          DFN1E1C0    32      1.0       32.0
          DFN1E1P0     1      1.0        1.0
            DFN1P0     1      1.0        1.0
            RAM4K9     4      0.0        0.0
                   -----          ----------
             TOTAL   725               708.0


  IO Cell usage:
              cell count
            CLKBUF     1
             INBUF     3
            OUTBUF     8
           TRIBUFF     1
                   -----
             TOTAL    13


Core Cells         : 708 of 6144 (12%)
IO Cells           : 13

  RAM/ROM Usage Summary
Block Rams : 4 of 8 (50%)

